<?xml version="1.0" encoding="UTF-8"?>
<!-- Generated by org.testng.reporters.JUnitReportReporter -->
<testsuite skipped="0" hostname="PRADYUN-PC" name="org.temp.Task1" tests="1" failures="0" timestamp="06 May 2020 09:28:23 GMT" time="10.914" errors="0">
  <testcase name="testcase2" time="10.914" classname="org.temp.Task1"/>
</testsuite> <!-- org.temp.Task1 -->
